app/build/intermediates/manifest_merge_blame_file/debug/manifest-merger-blame-debug-report.txt
1<?xml version="1.0" encoding="utf-8"?>
2<manifest xmlns:android="http://schemas.android.com/apk/res/android"
3    package="com.andramp.mcssoftware"
4    android:versionCode="8"
5    android:versionName="1.3.02072021" >
6
7    <uses-sdk
8        android:minSdkVersion="21"
8-->src\main\AndroidManifest.xml
9        android:targetSdkVersion="30" />
9-->src\main\AndroidManifest.xml
10
11    <supports-screens
11-->src\main\AndroidManifest.xml:8:5-13:7
12        android:normalScreens="true"
12-->src\main\AndroidManifest.xml:10:9-37
13        android:xlargeScreens="true" />
13-->src\main\AndroidManifest.xml:11:9-37
14
15    <uses-permission android:name="android.permission.INTERNET" />
15-->src\main\AndroidManifest.xml:15:5-67
15-->src\main\AndroidManifest.xml:15:22-64
16    <uses-permission android:name="android.permission.WRITE_EXTERNAL_STORAGE" />
16-->src\main\AndroidManifest.xml:16:5-17:40
16-->src\main\AndroidManifest.xml:16:22-78
17    <uses-permission android:name="android.permission.READ_EXTERNAL_STORAGE" />
17-->src\main\AndroidManifest.xml:18:5-80
17-->src\main\AndroidManifest.xml:18:22-77
18    <uses-permission android:name="android.permission.READ_PHONE_STATE" />
18-->src\main\AndroidManifest.xml:19:5-75
18-->src\main\AndroidManifest.xml:19:22-72
19
20    <application
20-->src\main\AndroidManifest.xml:21:5-71:19
21        android:allowBackup="true"
21-->src\main\AndroidManifest.xml:24:9-35
22        android:appComponentFactory="androidx.core.app.CoreComponentFactory"
22-->[androidx.core:core:1.5.0] AndroidManifest.xml:24:18-86
23        android:debuggable="true"
24        android:fullBackupContent="true"
24-->src\main\AndroidManifest.xml:25:9-41
25        android:icon="@drawable/andramp"
25-->src\main\AndroidManifest.xml:26:9-41
26        android:label="@string/app_name"
26-->src\main\AndroidManifest.xml:27:9-41
27        android:requestLegacyExternalStorage="true"
27-->src\main\AndroidManifest.xml:23:9-52
28        android:testOnly="true" >
29        <activity
29-->src\main\AndroidManifest.xml:29:9-66:20
30            android:name="com.andramp.mcssoftware.MainActivity"
30-->src\main\AndroidManifest.xml:31:13-41
31            android:configChanges="orientation|screenSize"
31-->src\main\AndroidManifest.xml:32:13-59
32            android:label="@string/app_name"
32-->src\main\AndroidManifest.xml:33:13-45
33            android:theme="@style/AppTheme.Launcher" >
33-->src\main\AndroidManifest.xml:35:13-53
34
35            <!-- Above line will load the launcher theme -->
36
37
38            <!--
39             android:theme="@style/AppTheme">
40             Above line will load your default theme, can use it to stop blank screen on startup
41             See styles.xml
42            -->
43
44            <intent-filter>
44-->src\main\AndroidManifest.xml:42:13-45:29
45                <action android:name="android.intent.action.MAIN" />
45-->src\main\AndroidManifest.xml:43:17-69
45-->src\main\AndroidManifest.xml:43:25-66
46
47                <category android:name="android.intent.category.LAUNCHER" />
47-->src\main\AndroidManifest.xml:44:17-77
47-->src\main\AndroidManifest.xml:44:27-74
48            </intent-filter>
49            <intent-filter>
49-->src\main\AndroidManifest.xml:47:13-64:29
50                <action android:name="android.intent.action.VIEW" />
50-->src\main\AndroidManifest.xml:48:17-69
50-->src\main\AndroidManifest.xml:48:25-66
51
52                <category android:name="android.intent.category.DEFAULT" />
52-->src\main\AndroidManifest.xml:49:17-76
52-->src\main\AndroidManifest.xml:49:27-73
53                <category android:name="android.intent.category.BROWSABLE" />
53-->src\main\AndroidManifest.xml:50:17-78
53-->src\main\AndroidManifest.xml:50:27-75
54
55                <data android:host="*" />
55-->src\main\AndroidManifest.xml:51:17-42
55-->src\main\AndroidManifest.xml:51:23-39
56
57                <!-- Open andramp for all audio files -->
58                <data android:scheme="content" />
58-->src\main\AndroidManifest.xml:51:17-42
58-->src\main\AndroidManifest.xml:54:23-47
59                <data android:scheme="file" />
59-->src\main\AndroidManifest.xml:51:17-42
59-->src\main\AndroidManifest.xml:54:23-47
60                <data android:scheme="http" />
60-->src\main\AndroidManifest.xml:51:17-42
60-->src\main\AndroidManifest.xml:54:23-47
61                <data android:mimeType="audio/*" />
61-->src\main\AndroidManifest.xml:51:17-42
61-->src\main\AndroidManifest.xml:57:23-49
62                <data android:pathPattern=".*" />
62-->src\main\AndroidManifest.xml:51:17-42
62-->src\main\AndroidManifest.xml:58:23-47
63
64                <!--
65                Open files with m3u and mp3 extension <data android:pathPattern=".*m3u" />
66                <data android:pathPattern=".*mp3" />
67                -->
68
69            </intent-filter>
70        </activity>
71        <activity android:name="com.andramp.mcssoftware.PlayListActivity" />
71-->src\main\AndroidManifest.xml:67:9-54
71-->src\main\AndroidManifest.xml:67:19-51
72        <activity android:name="com.andramp.mcssoftware.SettingsActivity" />
72-->src\main\AndroidManifest.xml:68:9-54
72-->src\main\AndroidManifest.xml:68:19-51
73        <activity android:name="com.andramp.mcssoftware.SearchActivity" />
73-->src\main\AndroidManifest.xml:69:9-52
73-->src\main\AndroidManifest.xml:69:19-49
74    </application>
75
76</manifest>